mode: set
github.com/mus-format/musgen-go/classifier/classifier.go:7.49,9.2 1 1
github.com/mus-format/musgen-go/classifier/classifier.go:11.46,13.2 1 1
github.com/mus-format/musgen-go/classifier/classifier.go:15.49,17.2 1 1
github.com/mus-format/musgen-go/classifier/classifier.go:19.42,21.2 1 1
github.com/mus-format/musgen-go/classifier/classifier.go:23.44,25.2 1 1
github.com/mus-format/musgen-go/classifier/classifier.go:27.35,29.2 1 1
github.com/mus-format/musgen-go/classifier/classifier.go:31.46,33.2 1 1
github.com/mus-format/musgen-go/classifier/classifier.go:35.42,37.2 1 1
github.com/mus-format/musgen-go/classifier/classifier.go:39.42,41.2 1 1
github.com/mus-format/musgen-go/classifier/classifier.go:43.40,45.2 1 1
github.com/mus-format/musgen-go/classifier/classifier.go:47.46,48.18 1 1
github.com/mus-format/musgen-go/classifier/classifier.go:51.68,52.14 1 1
github.com/mus-format/musgen-go/classifier/classifier.go:53.10,54.9 1 1
github.com/mus-format/musgen-go/data/anondata.go:52.38,53.11 1 1
github.com/mus-format/musgen-go/data/anondata.go:54.18,55.26 1 1
github.com/mus-format/musgen-go/data/anondata.go:56.17,57.25 1 1
github.com/mus-format/musgen-go/data/anondata.go:58.21,59.29 1 1
github.com/mus-format/musgen-go/data/anondata.go:60.17,61.25 1 1
github.com/mus-format/musgen-go/data/anondata.go:62.15,63.23 1 1
github.com/mus-format/musgen-go/data/anondata.go:64.15,65.23 1 0
github.com/mus-format/musgen-go/data/anondata.go:66.10,67.58 1 0
github.com/mus-format/musgen-go/data/typedata.go:25.55,26.29 1 1
github.com/mus-format/musgen-go/data/typedata.go:26.29,28.3 1 1
github.com/mus-format/musgen-go/data/typedata.go:29.2,30.29 2 1
github.com/mus-format/musgen-go/data/typedata.go:30.29,31.58 1 1
github.com/mus-format/musgen-go/data/typedata.go:31.58,33.4 1 1
github.com/mus-format/musgen-go/data/typedata.go:35.2,35.8 1 1
github.com/mus-format/musgen-go/databuild/anon_builder.go:12.39,14.2 1 1
github.com/mus-format/musgen-go/databuild/anon_builder.go:22.39,25.52 2 1
github.com/mus-format/musgen-go/databuild/anon_builder.go:25.52,26.21 1 1
github.com/mus-format/musgen-go/databuild/anon_builder.go:26.21,28.4 1 0
github.com/mus-format/musgen-go/databuild/anon_builder.go:29.3,29.12 1 1
github.com/mus-format/musgen-go/databuild/anon_builder.go:31.2,32.8 2 1
github.com/mus-format/musgen-go/databuild/anon_builder.go:36.75,39.2 2 1
github.com/mus-format/musgen-go/databuild/base64_keyword.go:20.65,25.2 4 1
github.com/mus-format/musgen-go/databuild/convertor.go:14.50,18.2 1 1
github.com/mus-format/musgen-go/databuild/convertor.go:26.38,28.52 2 1
github.com/mus-format/musgen-go/databuild/convertor.go:28.52,30.3 1 1
github.com/mus-format/musgen-go/databuild/convertor.go:31.2,32.8 2 1
github.com/mus-format/musgen-go/databuild/convertor.go:36.37,38.52 2 1
github.com/mus-format/musgen-go/databuild/convertor.go:38.52,40.3 1 1
github.com/mus-format/musgen-go/databuild/convertor.go:41.2,42.8 2 1
github.com/mus-format/musgen-go/databuild/errs.go:12.58,15.2 1 1
github.com/mus-format/musgen-go/databuild/errs.go:19.57,21.2 1 0
github.com/mus-format/musgen-go/databuild/errs.go:26.60,29.2 1 0
github.com/mus-format/musgen-go/databuild/errs.go:33.52,35.2 1 1
github.com/mus-format/musgen-go/databuild/errs.go:37.51,39.2 1 0
github.com/mus-format/musgen-go/databuild/errs.go:41.46,43.2 1 0
github.com/mus-format/musgen-go/databuild/errs.go:45.49,47.2 1 0
github.com/mus-format/musgen-go/databuild/errs.go:50.32,53.2 1 1
github.com/mus-format/musgen-go/databuild/errs.go:55.47,57.2 1 1
github.com/mus-format/musgen-go/databuild/op_collect_anon.go:15.67,17.2 1 1
github.com/mus-format/musgen-go/databuild/op_collect_anon.go:28.37,33.19 2 1
github.com/mus-format/musgen-go/databuild/op_collect_anon.go:33.19,35.3 1 1
github.com/mus-format/musgen-go/databuild/op_collect_anon.go:36.2,36.16 1 1
github.com/mus-format/musgen-go/databuild/op_collect_anon.go:37.20,38.34 1 1
github.com/mus-format/musgen-go/databuild/op_collect_anon.go:39.21,40.35 1 1
github.com/mus-format/musgen-go/databuild/op_collect_anon.go:41.21,42.52 1 1
github.com/mus-format/musgen-go/databuild/op_collect_anon.go:42.52,44.4 1 0
github.com/mus-format/musgen-go/databuild/op_collect_anon.go:44.9,46.4 1 1
github.com/mus-format/musgen-go/databuild/op_collect_anon.go:47.19,48.33 1 1
github.com/mus-format/musgen-go/databuild/op_collect_anon.go:50.2,50.8 1 1
github.com/mus-format/musgen-go/databuild/op_collect_anon.go:50.8,52.3 1 1
github.com/mus-format/musgen-go/databuild/op_collect_anon.go:53.2,53.8 1 1
github.com/mus-format/musgen-go/databuild/op_collect_anon.go:56.46,56.47 0 1
github.com/mus-format/musgen-go/databuild/op_collect_anon.go:58.41,58.42 0 0
github.com/mus-format/musgen-go/databuild/op_collect_anon.go:60.47,60.48 0 1
github.com/mus-format/musgen-go/databuild/op_collect_anon.go:62.56,64.2 1 1
github.com/mus-format/musgen-go/databuild/op_collect_anon.go:67.37,73.17 5 1
github.com/mus-format/musgen-go/databuild/op_collect_anon.go:73.17,75.3 1 1
github.com/mus-format/musgen-go/databuild/op_collect_anon.go:77.2,77.35 1 1
github.com/mus-format/musgen-go/databuild/op_collect_anon.go:81.52,89.2 2 1
github.com/mus-format/musgen-go/databuild/op_collect_anon.go:92.52,93.47 1 1
github.com/mus-format/musgen-go/databuild/op_collect_anon.go:93.47,96.47 2 1
github.com/mus-format/musgen-go/databuild/op_collect_anon.go:96.47,99.4 2 1
github.com/mus-format/musgen-go/databuild/op_collect_anon.go:100.3,101.30 2 1
github.com/mus-format/musgen-go/databuild/op_collect_anon.go:101.30,104.4 2 1
github.com/mus-format/musgen-go/databuild/op_collect_anon.go:105.3,105.9 1 1
github.com/mus-format/musgen-go/databuild/op_collect_anon.go:105.9,113.4 1 1
github.com/mus-format/musgen-go/databuild/op_collect_anon.go:115.2,115.8 1 1
github.com/mus-format/musgen-go/databuild/op_collect_anon.go:119.52,124.17 2 1
github.com/mus-format/musgen-go/databuild/op_collect_anon.go:124.17,125.55 1 1
github.com/mus-format/musgen-go/databuild/op_collect_anon.go:125.55,127.4 1 1
github.com/mus-format/musgen-go/databuild/op_collect_anon.go:128.3,128.23 1 1
github.com/mus-format/musgen-go/databuild/op_collect_anon.go:128.23,129.33 1 1
github.com/mus-format/musgen-go/databuild/op_collect_anon.go:129.33,131.5 1 1
github.com/mus-format/musgen-go/databuild/op_collect_anon.go:134.2,143.9 1 1
github.com/mus-format/musgen-go/databuild/op_collect_anon.go:147.52,149.81 1 0
github.com/mus-format/musgen-go/databuild/op_collect_anon.go:149.81,154.55 2 0
github.com/mus-format/musgen-go/databuild/op_collect_anon.go:154.55,156.4 1 0
github.com/mus-format/musgen-go/databuild/op_collect_anon.go:157.3,157.30 1 0
github.com/mus-format/musgen-go/databuild/op_collect_anon.go:157.30,159.4 1 0
github.com/mus-format/musgen-go/databuild/op_collect_anon.go:160.3,166.10 1 0
github.com/mus-format/musgen-go/databuild/op_collect_anon.go:168.2,168.8 1 0
github.com/mus-format/musgen-go/databuild/op_collect_anon.go:172.52,178.17 2 1
github.com/mus-format/musgen-go/databuild/op_collect_anon.go:178.17,179.55 1 1
github.com/mus-format/musgen-go/databuild/op_collect_anon.go:179.55,181.4 1 1
github.com/mus-format/musgen-go/databuild/op_collect_anon.go:182.3,182.30 1 1
github.com/mus-format/musgen-go/databuild/op_collect_anon.go:182.30,184.4 1 1
github.com/mus-format/musgen-go/databuild/op_collect_anon.go:185.3,185.23 1 1
github.com/mus-format/musgen-go/databuild/op_collect_anon.go:185.23,186.33 1 1
github.com/mus-format/musgen-go/databuild/op_collect_anon.go:186.33,188.5 1 1
github.com/mus-format/musgen-go/databuild/op_collect_anon.go:191.2,199.9 1 1
github.com/mus-format/musgen-go/databuild/op_collect_anon.go:203.52,210.17 2 1
github.com/mus-format/musgen-go/databuild/op_collect_anon.go:210.17,211.55 1 0
github.com/mus-format/musgen-go/databuild/op_collect_anon.go:211.55,213.4 1 0
github.com/mus-format/musgen-go/databuild/op_collect_anon.go:214.3,214.30 1 0
github.com/mus-format/musgen-go/databuild/op_collect_anon.go:214.30,216.4 1 0
github.com/mus-format/musgen-go/databuild/op_collect_anon.go:217.3,217.22 1 0
github.com/mus-format/musgen-go/databuild/op_collect_anon.go:217.22,218.32 1 0
github.com/mus-format/musgen-go/databuild/op_collect_anon.go:218.32,220.5 1 0
github.com/mus-format/musgen-go/databuild/op_collect_anon.go:222.3,222.23 1 0
github.com/mus-format/musgen-go/databuild/op_collect_anon.go:222.23,223.33 1 0
github.com/mus-format/musgen-go/databuild/op_collect_anon.go:223.33,225.5 1 0
github.com/mus-format/musgen-go/databuild/op_collect_anon.go:228.2,238.9 1 1
github.com/mus-format/musgen-go/databuild/op_collect_anon.go:241.51,242.28 1 1
github.com/mus-format/musgen-go/databuild/op_collect_anon.go:242.28,244.3 1 1
github.com/mus-format/musgen-go/databuild/op_collect_anon.go:245.2,245.24 1 1
github.com/mus-format/musgen-go/databuild/op_collect_anon.go:248.80,250.2 1 1
github.com/mus-format/musgen-go/databuild/op_collect_anon.go:253.63,257.17 4 1
github.com/mus-format/musgen-go/databuild/op_collect_anon.go:257.17,260.3 2 1
github.com/mus-format/musgen-go/databuild/op_collect_anon.go:261.2,263.46 2 1
github.com/mus-format/musgen-go/databuild/op_collect_anon.go:266.35,267.31 1 1
github.com/mus-format/musgen-go/databuild/op_collect_anon.go:267.31,269.3 1 1
github.com/mus-format/musgen-go/databuild/op_collect_anon.go:270.2,270.10 1 0
github.com/mus-format/musgen-go/databuild/op_make_anon.go:15.86,18.2 2 1
github.com/mus-format/musgen-go/databuild/op_make_anon.go:27.37,28.60 1 1
github.com/mus-format/musgen-go/databuild/op_make_anon.go:28.60,30.3 1 0
github.com/mus-format/musgen-go/databuild/op_make_anon.go:31.2,31.52 1 1
github.com/mus-format/musgen-go/databuild/op_make_anon.go:31.52,34.3 2 1
github.com/mus-format/musgen-go/databuild/op_make_anon.go:35.2,35.16 1 1
github.com/mus-format/musgen-go/databuild/op_make_anon.go:38.64,40.2 1 1
github.com/mus-format/musgen-go/databuild/op_to_fullname.go:15.37,17.2 1 1
github.com/mus-format/musgen-go/databuild/op_to_fullname.go:27.13,30.16 3 1
github.com/mus-format/musgen-go/databuild/op_to_fullname.go:31.23,32.44 1 1
github.com/mus-format/musgen-go/databuild/op_to_fullname.go:32.44,34.4 1 1
github.com/mus-format/musgen-go/databuild/op_to_fullname.go:35.3,37.34 3 1
github.com/mus-format/musgen-go/databuild/op_to_fullname.go:38.21,41.23 3 0
github.com/mus-format/musgen-go/databuild/op_to_fullname.go:42.21,43.24 1 0
github.com/mus-format/musgen-go/databuild/op_to_fullname.go:44.19,45.25 1 1
github.com/mus-format/musgen-go/databuild/op_to_fullname.go:46.20,47.34 1 1
github.com/mus-format/musgen-go/databuild/op_to_fullname.go:48.10,49.50 1 0
github.com/mus-format/musgen-go/databuild/op_to_fullname.go:51.2,51.8 1 1
github.com/mus-format/musgen-go/databuild/op_to_fullname.go:54.44,56.2 1 1
github.com/mus-format/musgen-go/databuild/op_to_fullname.go:58.39,60.2 1 0
github.com/mus-format/musgen-go/databuild/op_to_fullname.go:62.45,64.2 1 1
github.com/mus-format/musgen-go/databuild/op_to_fullname.go:66.53,68.2 1 1
github.com/mus-format/musgen-go/databuild/op_to_fullname.go:71.35,72.77 1 1
github.com/mus-format/musgen-go/databuild/op_to_fullname.go:72.77,74.3 1 1
github.com/mus-format/musgen-go/databuild/op_to_fullname.go:74.8,76.34 2 1
github.com/mus-format/musgen-go/databuild/op_to_fullname.go:76.34,78.4 1 0
github.com/mus-format/musgen-go/databuild/op_to_fullname.go:80.2,80.42 1 1
github.com/mus-format/musgen-go/databuild/op_to_fullname.go:80.42,82.3 1 1
github.com/mus-format/musgen-go/databuild/op_to_fullname.go:83.2,84.8 2 1
github.com/mus-format/musgen-go/databuild/op_to_fullname.go:88.53,89.67 1 1
github.com/mus-format/musgen-go/databuild/op_to_fullname.go:89.67,91.3 1 1
github.com/mus-format/musgen-go/databuild/op_to_fullname.go:92.2,92.8 1 1
github.com/mus-format/musgen-go/databuild/op_to_relname.go:13.55,15.2 1 1
github.com/mus-format/musgen-go/databuild/op_to_relname.go:24.13,27.16 3 1
github.com/mus-format/musgen-go/databuild/op_to_relname.go:28.23,29.44 1 1
github.com/mus-format/musgen-go/databuild/op_to_relname.go:29.44,31.4 1 0
github.com/mus-format/musgen-go/databuild/op_to_relname.go:32.3,32.16 1 1
github.com/mus-format/musgen-go/databuild/op_to_relname.go:32.16,35.4 2 1
github.com/mus-format/musgen-go/databuild/op_to_relname.go:36.3,36.34 1 1
github.com/mus-format/musgen-go/databuild/op_to_relname.go:37.21,40.23 3 0
github.com/mus-format/musgen-go/databuild/op_to_relname.go:41.21,42.24 1 0
github.com/mus-format/musgen-go/databuild/op_to_relname.go:43.19,44.25 1 1
github.com/mus-format/musgen-go/databuild/op_to_relname.go:45.20,46.34 1 1
github.com/mus-format/musgen-go/databuild/op_to_relname.go:47.10,48.50 1 0
github.com/mus-format/musgen-go/databuild/op_to_relname.go:50.2,50.8 1 1
github.com/mus-format/musgen-go/databuild/op_to_relname.go:53.43,55.2 1 1
github.com/mus-format/musgen-go/databuild/op_to_relname.go:57.38,59.2 1 0
github.com/mus-format/musgen-go/databuild/op_to_relname.go:61.44,63.2 1 1
github.com/mus-format/musgen-go/databuild/op_to_relname.go:65.50,67.2 1 1
github.com/mus-format/musgen-go/databuild/op_to_relname.go:70.35,71.33 1 1
github.com/mus-format/musgen-go/databuild/op_to_relname.go:71.33,73.3 1 1
github.com/mus-format/musgen-go/databuild/op_to_relname.go:73.8,75.3 1 1
github.com/mus-format/musgen-go/databuild/op_to_relname.go:76.2,76.8 1 1
github.com/mus-format/musgen-go/databuild/type_builder.go:23.86,25.2 1 1
github.com/mus-format/musgen-go/databuild/type_builder.go:33.54,34.37 1 1
github.com/mus-format/musgen-go/databuild/type_builder.go:34.37,37.3 2 1
github.com/mus-format/musgen-go/databuild/type_builder.go:38.2,42.52 2 1
github.com/mus-format/musgen-go/databuild/type_builder.go:42.52,44.3 1 1
github.com/mus-format/musgen-go/databuild/type_builder.go:45.2,45.60 1 1
github.com/mus-format/musgen-go/databuild/type_builder.go:45.60,47.3 1 1
github.com/mus-format/musgen-go/databuild/type_builder.go:48.2,53.8 6 1
github.com/mus-format/musgen-go/databuild/type_builder.go:57.30,58.34 1 1
github.com/mus-format/musgen-go/databuild/type_builder.go:58.34,61.3 2 1
github.com/mus-format/musgen-go/databuild/type_builder.go:62.2,62.46 1 1
github.com/mus-format/musgen-go/databuild/type_builder.go:62.46,64.3 1 1
github.com/mus-format/musgen-go/databuild/type_builder.go:65.2,69.52 2 1
github.com/mus-format/musgen-go/databuild/type_builder.go:69.52,71.3 1 1
github.com/mus-format/musgen-go/databuild/type_builder.go:72.2,72.48 1 1
github.com/mus-format/musgen-go/databuild/type_builder.go:72.48,74.3 1 1
github.com/mus-format/musgen-go/databuild/type_builder.go:75.2,79.8 5 1
github.com/mus-format/musgen-go/databuild/type_builder.go:83.30,84.37 1 1
github.com/mus-format/musgen-go/databuild/type_builder.go:84.37,87.3 2 1
github.com/mus-format/musgen-go/databuild/type_builder.go:88.2,92.52 2 1
github.com/mus-format/musgen-go/databuild/type_builder.go:92.52,94.3 1 1
github.com/mus-format/musgen-go/databuild/type_builder.go:95.2,95.49 1 1
github.com/mus-format/musgen-go/databuild/type_builder.go:95.49,97.3 1 1
github.com/mus-format/musgen-go/databuild/type_builder.go:98.2,102.8 5 1
github.com/mus-format/musgen-go/databuild/type_builder.go:106.30,108.35 1 1
github.com/mus-format/musgen-go/databuild/type_builder.go:108.35,111.3 2 1
github.com/mus-format/musgen-go/databuild/type_builder.go:112.2,114.8 3 1
github.com/mus-format/musgen-go/databuild/type_builder.go:118.30,119.34 1 1
github.com/mus-format/musgen-go/databuild/type_builder.go:119.34,122.3 2 0
github.com/mus-format/musgen-go/databuild/type_builder.go:123.2,124.16 2 1
github.com/mus-format/musgen-go/databuild/type_builder.go:124.16,126.3 1 0
github.com/mus-format/musgen-go/databuild/type_builder.go:127.2,132.8 6 1
github.com/mus-format/musgen-go/databuild/type_builder.go:135.79,137.16 2 0
github.com/mus-format/musgen-go/databuild/type_builder.go:137.16,139.3 1 0
github.com/mus-format/musgen-go/databuild/type_builder.go:140.2,141.16 2 0
github.com/mus-format/musgen-go/databuild/type_builder.go:141.16,142.72 1 0
github.com/mus-format/musgen-go/databuild/type_builder.go:144.2,144.8 1 0
github.com/mus-format/musgen-go/databuild/type_builder.go:148.26,150.16 2 1
github.com/mus-format/musgen-go/databuild/type_builder.go:150.16,151.75 1 0
github.com/mus-format/musgen-go/databuild/type_builder.go:153.2,153.8 1 1
github.com/mus-format/musgen-go/databuild/type_builder.go:157.13,158.27 1 1
github.com/mus-format/musgen-go/databuild/type_builder.go:158.27,160.3 1 1
github.com/mus-format/musgen-go/databuild/type_builder.go:161.2,165.20 2 1
github.com/mus-format/musgen-go/databuild/type_builder.go:165.20,167.3 1 1
github.com/mus-format/musgen-go/databuild/type_builder.go:168.2,168.8 1 1
github.com/mus-format/musgen-go/databuild/type_builder.go:172.52,174.24 2 1
github.com/mus-format/musgen-go/databuild/type_builder.go:174.24,179.3 1 1
github.com/mus-format/musgen-go/databuild/type_builder.go:180.2,180.8 1 1
github.com/mus-format/musgen-go/databuild/type_builder.go:184.41,186.16 2 1
github.com/mus-format/musgen-go/databuild/type_builder.go:186.16,188.3 1 0
github.com/mus-format/musgen-go/databuild/type_builder.go:189.2,189.40 1 1
github.com/mus-format/musgen-go/databuild/type_builder.go:193.41,195.16 2 1
github.com/mus-format/musgen-go/databuild/type_builder.go:195.16,197.3 1 0
github.com/mus-format/musgen-go/databuild/type_builder.go:198.2,198.40 1 1
github.com/mus-format/musgen-go/databuild/type_builder.go:202.41,204.30 2 1
github.com/mus-format/musgen-go/databuild/type_builder.go:204.30,206.55 2 1
github.com/mus-format/musgen-go/databuild/type_builder.go:206.55,208.4 1 1
github.com/mus-format/musgen-go/databuild/type_builder.go:210.2,210.8 1 1
github.com/mus-format/musgen-go/databuild/type_builder.go:214.40,216.34 2 1
github.com/mus-format/musgen-go/databuild/type_builder.go:216.34,217.56 1 1
github.com/mus-format/musgen-go/databuild/type_builder.go:217.56,219.4 1 1
github.com/mus-format/musgen-go/databuild/type_builder.go:221.2,221.8 1 1
github.com/mus-format/musgen-go/databuild/type_builder.go:224.68,225.9 1 1
github.com/mus-format/musgen-go/databuild/type_builder.go:226.35,227.41 1 0
github.com/mus-format/musgen-go/databuild/type_builder.go:228.38,229.44 1 0
github.com/mus-format/musgen-go/databuild/type_builder.go:230.10,231.36 1 1
github.com/mus-format/musgen-go/databuild/type_builder.go:235.63,236.9 1 1
github.com/mus-format/musgen-go/databuild/type_builder.go:237.38,238.42 1 1
github.com/mus-format/musgen-go/databuild/type_builder.go:239.38,240.44 1 0
github.com/mus-format/musgen-go/databuild/type_builder.go:241.10,242.36 1 1
github.com/mus-format/musgen-go/databuild/type_builder.go:246.66,247.9 1 1
github.com/mus-format/musgen-go/databuild/type_builder.go:248.38,249.42 1 1
github.com/mus-format/musgen-go/databuild/type_builder.go:250.35,251.41 1 0
github.com/mus-format/musgen-go/databuild/type_builder.go:252.10,253.36 1 1
github.com/mus-format/musgen-go/options/interface/options.go:6.20,8.2 1 1
github.com/mus-format/musgen-go/options/interface/options.go:21.41,22.26 1 1
github.com/mus-format/musgen-go/options/interface/options.go:22.26,22.58 1 1
github.com/mus-format/musgen-go/options/interface/options.go:27.33,28.26 1 1
github.com/mus-format/musgen-go/options/interface/options.go:28.26,28.49 1 1
github.com/mus-format/musgen-go/options/interface/options.go:31.41,32.21 1 1
github.com/mus-format/musgen-go/options/interface/options.go:32.21,33.20 1 1
github.com/mus-format/musgen-go/options/interface/options.go:33.20,35.4 1 1
github.com/mus-format/musgen-go/options/struct/options.go:8.20,10.2 1 1
github.com/mus-format/musgen-go/options/struct/options.go:24.52,25.26 1 1
github.com/mus-format/musgen-go/options/struct/options.go:25.26,26.20 1 1
github.com/mus-format/musgen-go/options/struct/options.go:26.20,29.4 2 0
github.com/mus-format/musgen-go/options/struct/options.go:30.3,32.34 3 1
github.com/mus-format/musgen-go/options/struct/options.go:37.51,38.26 1 1
github.com/mus-format/musgen-go/options/struct/options.go:38.26,39.20 1 1
github.com/mus-format/musgen-go/options/struct/options.go:39.20,41.4 1 0
github.com/mus-format/musgen-go/options/struct/options.go:42.3,43.29 2 1
github.com/mus-format/musgen-go/options/struct/options.go:47.41,48.21 1 1
github.com/mus-format/musgen-go/options/struct/options.go:48.21,49.20 1 1
github.com/mus-format/musgen-go/options/struct/options.go:49.20,51.4 1 1
github.com/mus-format/musgen-go/options/type/num_encoding.go:17.45,18.11 1 1
github.com/mus-format/musgen-go/options/type/num_encoding.go:19.52,20.18 1 1
github.com/mus-format/musgen-go/options/type/num_encoding.go:21.11,22.15 1 1
github.com/mus-format/musgen-go/options/type/num_encoding.go:23.10,24.51 1 0
github.com/mus-format/musgen-go/options/type/num_encoding.go:28.38,29.11 1 1
github.com/mus-format/musgen-go/options/type/num_encoding.go:30.44,31.30 1 1
github.com/mus-format/musgen-go/options/type/num_encoding.go:32.14,33.22 1 1
github.com/mus-format/musgen-go/options/type/num_encoding.go:34.11,35.19 1 1
github.com/mus-format/musgen-go/options/type/num_encoding.go:36.10,37.51 1 0
github.com/mus-format/musgen-go/options/type/options.go:25.34,32.18 7 1
github.com/mus-format/musgen-go/options/type/options.go:32.18,36.3 3 1
github.com/mus-format/musgen-go/options/type/options.go:37.2,37.19 1 1
github.com/mus-format/musgen-go/options/type/options.go:37.19,41.3 3 1
github.com/mus-format/musgen-go/options/type/options.go:42.2,42.20 1 1
github.com/mus-format/musgen-go/options/type/options.go:45.34,47.2 1 0
github.com/mus-format/musgen-go/options/type/options.go:61.29,62.26 1 1
github.com/mus-format/musgen-go/options/type/options.go:62.26,62.45 1 1
github.com/mus-format/musgen-go/options/type/options.go:69.49,70.26 1 1
github.com/mus-format/musgen-go/options/type/options.go:70.26,70.49 1 1
github.com/mus-format/musgen-go/options/type/options.go:76.45,77.26 1 1
github.com/mus-format/musgen-go/options/type/options.go:77.26,77.46 1 1
github.com/mus-format/musgen-go/options/type/options.go:83.42,84.26 1 1
github.com/mus-format/musgen-go/options/type/options.go:84.26,84.45 1 1
github.com/mus-format/musgen-go/options/type/options.go:97.48,98.26 1 1
github.com/mus-format/musgen-go/options/type/options.go:98.26,98.53 1 1
github.com/mus-format/musgen-go/options/type/options.go:105.49,106.26 1 1
github.com/mus-format/musgen-go/options/type/options.go:106.26,106.49 1 1
github.com/mus-format/musgen-go/options/type/options.go:119.51,120.26 1 1
github.com/mus-format/musgen-go/options/type/options.go:120.26,120.56 1 1
github.com/mus-format/musgen-go/options/type/options.go:127.42,128.26 1 1
github.com/mus-format/musgen-go/options/type/options.go:128.26,132.3 3 1
github.com/mus-format/musgen-go/options/type/options.go:139.43,140.26 1 1
github.com/mus-format/musgen-go/options/type/options.go:140.26,144.3 3 1
github.com/mus-format/musgen-go/options/type/options.go:147.41,148.21 1 1
github.com/mus-format/musgen-go/options/type/options.go:148.21,149.20 1 1
github.com/mus-format/musgen-go/options/type/options.go:149.20,151.4 1 1
github.com/mus-format/musgen-go/options/type/ptr_type.go:13.39,14.11 1 1
github.com/mus-format/musgen-go/options/type/ptr_type.go:15.27,16.15 1 1
github.com/mus-format/musgen-go/options/type/ptr_type.go:17.10,18.14 1 1
github.com/mus-format/musgen-go/options/type/ptr_type.go:19.10,20.54 1 0
github.com/mus-format/musgen-go/options/type/time_unit.go:19.32,20.11 1 1
github.com/mus-format/musgen-go/options/type/time_unit.go:21.30,22.20 1 1
github.com/mus-format/musgen-go/options/type/time_unit.go:23.13,24.25 1 1
github.com/mus-format/musgen-go/options/type/time_unit.go:25.13,26.25 1 1
github.com/mus-format/musgen-go/options/type/time_unit.go:27.12,28.24 1 1
github.com/mus-format/musgen-go/options/type/time_unit.go:29.14,30.23 1 1
github.com/mus-format/musgen-go/options/type/time_unit.go:31.16,32.28 1 1
github.com/mus-format/musgen-go/options/type/time_unit.go:33.16,34.28 1 1
github.com/mus-format/musgen-go/options/type/time_unit.go:35.15,36.27 1 1
github.com/mus-format/musgen-go/options/type/time_unit.go:37.10,38.50 1 0
github.com/mus-format/musgen-go/options/generate/errs.go:10.50,12.2 1 1
github.com/mus-format/musgen-go/options/generate/errs.go:14.45,16.2 1 1
github.com/mus-format/musgen-go/options/generate/errs.go:18.52,20.2 1 1
github.com/mus-format/musgen-go/options/generate/errs.go:22.49,25.2 1 1
github.com/mus-format/musgen-go/options/generate/options.go:18.20,23.2 1 1
github.com/mus-format/musgen-go/options/generate/options.go:37.53,38.14 1 1
github.com/mus-format/musgen-go/options/generate/options.go:38.14,40.3 1 1
github.com/mus-format/musgen-go/options/generate/options.go:41.2,41.22 1 1
github.com/mus-format/musgen-go/options/generate/options.go:44.54,45.14 1 1
github.com/mus-format/musgen-go/options/generate/options.go:45.14,47.3 1 1
github.com/mus-format/musgen-go/options/generate/options.go:48.2,48.11 1 1
github.com/mus-format/musgen-go/options/generate/options.go:48.11,50.3 1 1
github.com/mus-format/musgen-go/options/generate/options.go:51.2,51.19 1 1
github.com/mus-format/musgen-go/options/generate/options.go:54.55,55.14 1 0
github.com/mus-format/musgen-go/options/generate/options.go:55.14,57.3 1 0
github.com/mus-format/musgen-go/options/generate/options.go:58.2,58.22 1 0
github.com/mus-format/musgen-go/options/generate/options.go:61.56,62.14 1 1
github.com/mus-format/musgen-go/options/generate/options.go:62.14,64.3 1 1
github.com/mus-format/musgen-go/options/generate/options.go:65.2,65.11 1 1
github.com/mus-format/musgen-go/options/generate/options.go:65.11,67.3 1 1
github.com/mus-format/musgen-go/options/generate/options.go:68.2,68.19 1 1
github.com/mus-format/musgen-go/options/generate/options.go:71.50,72.14 1 0
github.com/mus-format/musgen-go/options/generate/options.go:72.14,74.3 1 0
github.com/mus-format/musgen-go/options/generate/options.go:75.2,75.23 1 0
github.com/mus-format/musgen-go/options/generate/options.go:78.41,79.14 1 1
github.com/mus-format/musgen-go/options/generate/options.go:79.14,81.3 1 1
github.com/mus-format/musgen-go/options/generate/options.go:82.2,82.20 1 1
github.com/mus-format/musgen-go/options/generate/options.go:92.41,93.14 1 1
github.com/mus-format/musgen-go/options/generate/options.go:93.14,95.3 1 1
github.com/mus-format/musgen-go/options/generate/options.go:96.2,96.22 1 1
github.com/mus-format/musgen-go/options/generate/options.go:99.42,100.14 1 1
github.com/mus-format/musgen-go/options/generate/options.go:100.14,102.3 1 1
github.com/mus-format/musgen-go/options/generate/options.go:103.2,103.23 1 1
github.com/mus-format/musgen-go/options/generate/options.go:106.55,108.2 1 0
github.com/mus-format/musgen-go/options/generate/options.go:110.34,115.27 5 1
github.com/mus-format/musgen-go/options/generate/options.go:115.27,117.3 1 1
github.com/mus-format/musgen-go/options/generate/options.go:118.2,118.20 1 1
github.com/mus-format/musgen-go/options/generate/options.go:130.40,131.38 1 1
github.com/mus-format/musgen-go/options/generate/options.go:131.38,133.17 2 1
github.com/mus-format/musgen-go/options/generate/options.go:133.17,135.4 1 0
github.com/mus-format/musgen-go/options/generate/options.go:136.3,136.22 1 1
github.com/mus-format/musgen-go/options/generate/options.go:136.22,138.4 1 1
github.com/mus-format/musgen-go/options/generate/options.go:139.3,139.9 1 1
github.com/mus-format/musgen-go/options/generate/options.go:145.40,146.38 1 1
github.com/mus-format/musgen-go/options/generate/options.go:146.38,149.3 2 1
github.com/mus-format/musgen-go/options/generate/options.go:153.29,154.38 1 1
github.com/mus-format/musgen-go/options/generate/options.go:154.38,157.3 2 1
github.com/mus-format/musgen-go/options/generate/options.go:163.32,164.38 1 1
github.com/mus-format/musgen-go/options/generate/options.go:164.38,167.3 2 1
github.com/mus-format/musgen-go/options/generate/options.go:173.29,174.38 1 1
github.com/mus-format/musgen-go/options/generate/options.go:174.38,177.3 2 1
github.com/mus-format/musgen-go/options/generate/options.go:182.46,183.38 1 1
github.com/mus-format/musgen-go/options/generate/options.go:183.38,184.59 1 1
github.com/mus-format/musgen-go/options/generate/options.go:184.59,187.4 2 1
github.com/mus-format/musgen-go/options/generate/options.go:188.3,189.9 2 1
github.com/mus-format/musgen-go/options/generate/options.go:195.58,196.38 1 1
github.com/mus-format/musgen-go/options/generate/options.go:196.38,197.59 1 1
github.com/mus-format/musgen-go/options/generate/options.go:197.59,200.4 2 1
github.com/mus-format/musgen-go/options/generate/options.go:201.3,201.33 1 1
github.com/mus-format/musgen-go/options/generate/options.go:201.33,204.4 2 1
github.com/mus-format/musgen-go/options/generate/options.go:205.3,209.51 2 1
github.com/mus-format/musgen-go/options/generate/options.go:209.51,211.4 1 1
github.com/mus-format/musgen-go/options/generate/options.go:212.3,214.9 3 1
github.com/mus-format/musgen-go/options/generate/options.go:220.60,221.38 1 1
github.com/mus-format/musgen-go/options/generate/options.go:221.38,224.3 2 1
github.com/mus-format/musgen-go/options/generate/options.go:227.53,228.21 1 1
github.com/mus-format/musgen-go/options/generate/options.go:228.21,229.20 1 1
github.com/mus-format/musgen-go/options/generate/options.go:229.20,231.18 2 1
github.com/mus-format/musgen-go/options/generate/options.go:231.18,233.5 1 1
github.com/mus-format/musgen-go/options/generate/options.go:236.2,236.21 1 1
github.com/mus-format/musgen-go/options/generate/options.go:236.21,238.3 1 1
github.com/mus-format/musgen-go/options/generate/options.go:239.2,239.67 1 1
github.com/mus-format/musgen-go/options/generate/options.go:239.67,241.3 1 0
github.com/mus-format/musgen-go/options/generate/options.go:242.2,242.42 1 1
github.com/mus-format/musgen-go/options/generate/options.go:242.42,244.3 1 0
github.com/mus-format/musgen-go/options/generate/options.go:245.2,245.8 1 1
github.com/mus-format/musgen-go/options/generate/options.go:249.13,250.48 1 1
github.com/mus-format/musgen-go/options/generate/options.go:250.48,253.3 2 1
github.com/mus-format/musgen-go/options/generate/options.go:254.2,254.45 1 1
github.com/mus-format/musgen-go/options/generate/options.go:254.45,255.26 1 1
github.com/mus-format/musgen-go/options/generate/options.go:255.26,258.4 2 1
github.com/mus-format/musgen-go/options/generate/options.go:260.2,260.8 1 1
github.com/mus-format/musgen-go/options/generate/options.go:263.44,268.48 2 1
github.com/mus-format/musgen-go/options/generate/options.go:268.48,270.3 1 0
github.com/mus-format/musgen-go/options/generate/options.go:271.2,272.8 2 1
github.com/mus-format/musgen-go/typename/complete.go:16.63,18.16 2 0
github.com/mus-format/musgen-go/typename/complete.go:18.16,19.13 1 0
github.com/mus-format/musgen-go/typename/complete.go:21.2,21.8 1 0
github.com/mus-format/musgen-go/typename/complete.go:26.70,28.40 2 1
github.com/mus-format/musgen-go/typename/complete.go:28.40,29.46 1 1
github.com/mus-format/musgen-go/typename/complete.go:29.46,31.4 1 1
github.com/mus-format/musgen-go/typename/complete.go:33.2,33.35 1 1
github.com/mus-format/musgen-go/typename/complete.go:36.76,37.32 1 1
github.com/mus-format/musgen-go/typename/complete.go:37.32,40.3 2 1
github.com/mus-format/musgen-go/typename/complete.go:41.2,41.9 1 1
github.com/mus-format/musgen-go/typename/complete.go:42.29,44.46 2 1
github.com/mus-format/musgen-go/typename/complete.go:44.46,46.4 1 1
github.com/mus-format/musgen-go/typename/complete.go:47.3,47.36 1 1
github.com/mus-format/musgen-go/typename/complete.go:48.35,49.42 1 1
github.com/mus-format/musgen-go/typename/complete.go:50.31,51.38 1 1
github.com/mus-format/musgen-go/typename/complete.go:52.31,53.38 1 1
github.com/mus-format/musgen-go/typename/complete.go:54.29,55.36 1 1
github.com/mus-format/musgen-go/typename/complete.go:56.10,58.9 2 1
github.com/mus-format/musgen-go/typename/complete.go:62.63,64.6 2 1
github.com/mus-format/musgen-go/typename/complete.go:64.6,65.30 1 1
github.com/mus-format/musgen-go/typename/complete.go:65.30,67.4 1 1
github.com/mus-format/musgen-go/typename/complete.go:68.3,70.11 3 1
github.com/mus-format/musgen-go/typename/complete.go:74.74,76.20 2 1
github.com/mus-format/musgen-go/typename/complete.go:76.20,78.3 1 1
github.com/mus-format/musgen-go/typename/complete.go:79.2,79.8 1 1
github.com/mus-format/musgen-go/typename/complete.go:83.13,84.9 1 1
github.com/mus-format/musgen-go/typename/complete.go:85.33,86.43 1 1
github.com/mus-format/musgen-go/typename/complete.go:87.35,88.45 1 1
github.com/mus-format/musgen-go/typename/complete.go:89.31,90.41 1 1
github.com/mus-format/musgen-go/typename/complete.go:91.31,92.41 1 1
github.com/mus-format/musgen-go/typename/complete.go:93.29,94.39 1 1
github.com/mus-format/musgen-go/typename/complete.go:95.10,97.9 2 1
github.com/mus-format/musgen-go/typename/complete.go:102.13,105.2 2 1
github.com/mus-format/musgen-go/typename/complete.go:108.32,111.2 2 1
github.com/mus-format/musgen-go/typename/complete.go:114.13,116.16 2 1
github.com/mus-format/musgen-go/typename/complete.go:116.16,118.3 1 1
github.com/mus-format/musgen-go/typename/complete.go:119.2,121.8 2 1
github.com/mus-format/musgen-go/typename/complete.go:125.13,127.16 2 1
github.com/mus-format/musgen-go/typename/complete.go:127.16,129.3 1 1
github.com/mus-format/musgen-go/typename/complete.go:130.2,131.8 2 1
github.com/mus-format/musgen-go/typename/complete.go:135.13,137.16 2 1
github.com/mus-format/musgen-go/typename/complete.go:137.16,139.3 1 1
github.com/mus-format/musgen-go/typename/complete.go:140.2,141.16 2 1
github.com/mus-format/musgen-go/typename/complete.go:141.16,143.3 1 1
github.com/mus-format/musgen-go/typename/complete.go:144.2,146.8 2 1
github.com/mus-format/musgen-go/typename/errs.go:11.64,13.2 1 0
github.com/mus-format/musgen-go/typename/errs.go:15.47,17.2 1 1
github.com/mus-format/musgen-go/typename/errs.go:19.47,21.2 1 1
github.com/mus-format/musgen-go/typename/errs.go:23.49,25.2 1 1
github.com/mus-format/musgen-go/typename/errs.go:27.52,29.2 1 1
github.com/mus-format/musgen-go/typename/full.go:12.56,13.15 1 0
github.com/mus-format/musgen-go/typename/full.go:13.15,15.3 1 0
github.com/mus-format/musgen-go/typename/full.go:16.2,16.73 1 0
github.com/mus-format/musgen-go/typename/full.go:23.37,25.21 2 1
github.com/mus-format/musgen-go/typename/full.go:25.21,27.3 1 1
github.com/mus-format/musgen-go/typename/full.go:28.2,28.26 1 1
github.com/mus-format/musgen-go/typename/full.go:31.39,33.21 2 1
github.com/mus-format/musgen-go/typename/full.go:33.21,35.3 1 1
github.com/mus-format/musgen-go/typename/full.go:36.2,36.27 1 1
github.com/mus-format/musgen-go/typename/package.go:9.56,10.30 1 1
github.com/mus-format/musgen-go/typename/package.go:10.30,13.3 2 1
github.com/mus-format/musgen-go/typename/package.go:14.2,15.8 2 1
github.com/mus-format/musgen-go/typename/pkgpath.go:11.32,13.2 1 1
github.com/mus-format/musgen-go/typename/pkgpath.go:15.57,16.45 1 1
github.com/mus-format/musgen-go/typename/pkgpath.go:16.45,19.3 2 1
github.com/mus-format/musgen-go/typename/pkgpath.go:20.2,21.8 2 1
github.com/mus-format/musgen-go/typename/rel.go:8.48,11.16 3 1
github.com/mus-format/musgen-go/typename/rel.go:11.16,13.3 1 1
github.com/mus-format/musgen-go/typename/rel.go:14.2,14.19 1 1
github.com/mus-format/musgen-go/scanner/container_type.go:21.22,22.62 1 1
github.com/mus-format/musgen-go/scanner/container_type.go:22.62,25.3 2 1
github.com/mus-format/musgen-go/scanner/container_type.go:26.2,26.62 1 1
github.com/mus-format/musgen-go/scanner/container_type.go:26.62,29.3 2 1
github.com/mus-format/musgen-go/scanner/container_type.go:30.2,30.69 1 1
github.com/mus-format/musgen-go/scanner/container_type.go:30.69,33.3 2 1
github.com/mus-format/musgen-go/scanner/container_type.go:34.2,34.8 1 1
github.com/mus-format/musgen-go/scanner/container_type.go:39.73,41.21 2 1
github.com/mus-format/musgen-go/scanner/container_type.go:41.21,43.3 1 1
github.com/mus-format/musgen-go/scanner/container_type.go:44.2,52.8 4 1
github.com/mus-format/musgen-go/scanner/container_type.go:55.73,57.21 2 1
github.com/mus-format/musgen-go/scanner/container_type.go:57.21,59.3 1 1
github.com/mus-format/musgen-go/scanner/container_type.go:60.2,67.8 4 1
github.com/mus-format/musgen-go/scanner/container_type.go:70.80,74.36 3 1
github.com/mus-format/musgen-go/scanner/container_type.go:74.36,76.3 1 1
github.com/mus-format/musgen-go/scanner/container_type.go:77.2,81.37 4 1
github.com/mus-format/musgen-go/scanner/container_type.go:81.37,84.3 2 1
github.com/mus-format/musgen-go/scanner/container_type.go:85.2,92.32 5 1
github.com/mus-format/musgen-go/scanner/container_type.go:92.32,93.17 1 1
github.com/mus-format/musgen-go/scanner/container_type.go:94.12,95.11 1 1
github.com/mus-format/musgen-go/scanner/container_type.go:96.12,97.11 1 1
github.com/mus-format/musgen-go/scanner/container_type.go:99.3,99.6 1 1
github.com/mus-format/musgen-go/scanner/container_type.go:102.2,102.16 1 1
github.com/mus-format/musgen-go/scanner/container_type.go:102.16,105.3 2 0
github.com/mus-format/musgen-go/scanner/container_type.go:107.2,117.8 8 1
github.com/mus-format/musgen-go/scanner/defined_type.go:16.69,18.2 1 1
github.com/mus-format/musgen-go/scanner/defined_type.go:22.54,25.21 3 1
github.com/mus-format/musgen-go/scanner/defined_type.go:25.21,27.3 1 1
github.com/mus-format/musgen-go/scanner/defined_type.go:28.2,28.39 1 1
github.com/mus-format/musgen-go/scanner/defined_type.go:31.69,38.2 6 1
github.com/mus-format/musgen-go/scanner/defined_type.go:43.14,46.30 3 1
github.com/mus-format/musgen-go/scanner/defined_type.go:46.30,47.15 1 1
github.com/mus-format/musgen-go/scanner/defined_type.go:48.12,49.11 1 1
github.com/mus-format/musgen-go/scanner/defined_type.go:50.12,51.11 1 1
github.com/mus-format/musgen-go/scanner/defined_type.go:52.12,53.18 1 1
github.com/mus-format/musgen-go/scanner/defined_type.go:53.18,57.13 3 1
github.com/mus-format/musgen-go/scanner/defined_type.go:60.3,60.22 1 1
github.com/mus-format/musgen-go/scanner/defined_type.go:63.2,63.19 1 1
github.com/mus-format/musgen-go/scanner/defined_type.go:63.19,65.3 1 1
github.com/mus-format/musgen-go/scanner/defined_type.go:66.2,66.8 1 1
github.com/mus-format/musgen-go/scanner/errs.go:7.70,9.2 1 0
github.com/mus-format/musgen-go/scanner/op.go:14.80,16.2 1 1
github.com/mus-format/musgen-go/scanner/op.go:17.44,17.45 0 1
github.com/mus-format/musgen-go/scanner/op.go:18.44,18.45 0 0
github.com/mus-format/musgen-go/scanner/op.go:19.44,19.45 0 1
github.com/mus-format/musgen-go/scanner/options.go:10.32,11.26 1 1
github.com/mus-format/musgen-go/scanner/options.go:11.26,11.52 1 1
github.com/mus-format/musgen-go/scanner/options.go:14.41,15.21 1 1
github.com/mus-format/musgen-go/scanner/options.go:15.21,17.3 1 1
github.com/mus-format/musgen-go/scanner/primitive_type.go:14.71,16.2 1 1
github.com/mus-format/musgen-go/scanner/primitive_type.go:20.56,22.21 2 1
github.com/mus-format/musgen-go/scanner/primitive_type.go:22.21,24.3 1 0
github.com/mus-format/musgen-go/scanner/primitive_type.go:25.2,30.8 3 1
github.com/mus-format/musgen-go/scanner/scanner.go:15.32,19.2 3 1
github.com/mus-format/musgen-go/scanner/scanner.go:22.33,24.41 1 1
github.com/mus-format/musgen-go/scanner/scanner.go:24.41,28.26 3 1
github.com/mus-format/musgen-go/scanner/scanner.go:28.26,30.4 1 1
github.com/mus-format/musgen-go/scanner/scanner.go:32.3,32.48 1 1
github.com/mus-format/musgen-go/scanner/scanner.go:32.48,34.4 1 0
github.com/mus-format/musgen-go/scanner/scanner.go:35.3,36.22 2 1
github.com/mus-format/musgen-go/scanner/scanner.go:36.22,38.4 1 1
github.com/mus-format/musgen-go/scanner/scanner.go:39.3,39.27 1 1
github.com/mus-format/musgen-go/scanner/scanner.go:39.27,40.14 1 1
github.com/mus-format/musgen-go/scanner/scanner.go:40.14,42.5 1 1
github.com/mus-format/musgen-go/scanner/scanner.go:43.4,43.63 1 1
github.com/mus-format/musgen-go/scanner/scanner.go:43.63,45.5 1 0
github.com/mus-format/musgen-go/scanner/scanner.go:46.4,46.27 1 1
github.com/mus-format/musgen-go/scanner/scanner.go:46.27,48.5 1 1
github.com/mus-format/musgen-go/scanner/scanner.go:49.4,49.28 1 1
github.com/mus-format/musgen-go/scanner/scanner.go:49.28,51.5 1 1
github.com/mus-format/musgen-go/scanner/scanner.go:53.3,53.9 1 1
github.com/mus-format/musgen-go/scanner/scanner.go:56.2,56.68 1 1
github.com/mus-format/musgen-go/scanner/scanner.go:56.68,63.48 4 1
github.com/mus-format/musgen-go/scanner/scanner.go:63.48,65.4 1 0
github.com/mus-format/musgen-go/scanner/scanner.go:66.3,66.20 1 1
github.com/mus-format/musgen-go/scanner/scanner.go:66.20,67.19 1 1
github.com/mus-format/musgen-go/scanner/scanner.go:67.19,69.5 1 1
github.com/mus-format/musgen-go/scanner/scanner.go:70.4,71.60 2 1
github.com/mus-format/musgen-go/scanner/scanner.go:71.60,73.5 1 0
github.com/mus-format/musgen-go/scanner/scanner.go:74.4,74.27 1 1
github.com/mus-format/musgen-go/scanner/scanner.go:76.3,76.18 1 1
github.com/mus-format/musgen-go/scanner/scanner.go:76.18,78.4 1 1
github.com/mus-format/musgen-go/scanner/scanner.go:79.3,79.62 1 1
github.com/mus-format/musgen-go/scanner/scanner.go:79.62,81.4 1 0
github.com/mus-format/musgen-go/scanner/scanner.go:82.3,82.9 1 1
github.com/mus-format/musgen-go/scanner/scanner.go:85.2,85.43 1 1
github.com/mus-format/musgen-go/scanner/scanner.go:85.43,89.3 3 1
github.com/mus-format/musgen-go/scanner/scanner.go:90.2,90.47 1 0
github.com/mus-format/musgen-go/scanner/scanner.go:93.58,96.2 2 1
github.com/mus-format/musgen-go/mus/errs.go:5.47,7.2 1 0
github.com/mus-format/musgen-go/mus/fns_keyword.go:18.80,21.40 3 1
github.com/mus-format/musgen-go/mus/fns_keyword.go:21.40,24.3 2 1
github.com/mus-format/musgen-go/mus/fns_keyword.go:25.2,25.57 1 1
github.com/mus-format/musgen-go/mus/fns_keyword.go:34.63,36.2 1 1
github.com/mus-format/musgen-go/mus/fns_keyword.go:38.64,40.2 1 1
github.com/mus-format/musgen-go/mus/fns_keyword.go:42.63,44.2 1 1
github.com/mus-format/musgen-go/mus/fns_keyword.go:46.63,48.2 1 1
github.com/mus-format/musgen-go/mus/fns_keyword.go:50.57,52.2 1 1
github.com/mus-format/musgen-go/mus/fns_keyword.go:54.52,56.2 1 1
github.com/mus-format/musgen-go/mus/fns_keyword.go:58.59,60.2 1 1
github.com/mus-format/musgen-go/mus/fns_keyword.go:62.61,63.43 1 1
github.com/mus-format/musgen-go/mus/fns_keyword.go:63.43,65.3 1 1
github.com/mus-format/musgen-go/mus/fns_keyword.go:66.2,67.42 2 1
github.com/mus-format/musgen-go/mus/fns_keyword.go:67.42,69.3 1 1
github.com/mus-format/musgen-go/mus/fns_keyword.go:69.8,71.3 1 1
github.com/mus-format/musgen-go/mus/fns_keyword.go:72.2,72.31 1 1
github.com/mus-format/musgen-go/mus/fns_keyword.go:75.53,79.2 3 1
github.com/mus-format/musgen-go/mus/fns_keyword.go:81.54,82.56 1 1
github.com/mus-format/musgen-go/mus/fns_keyword.go:82.56,84.3 1 1
github.com/mus-format/musgen-go/mus/fns_keyword.go:85.2,85.57 1 1
github.com/mus-format/musgen-go/mus/fns_keyword.go:85.57,87.3 1 1
github.com/mus-format/musgen-go/mus/fns_keyword.go:88.2,88.56 1 1
github.com/mus-format/musgen-go/mus/fns_keyword.go:88.56,90.3 1 1
github.com/mus-format/musgen-go/mus/fns_keyword.go:91.2,91.56 1 1
github.com/mus-format/musgen-go/mus/fns_keyword.go:91.56,93.3 1 1
github.com/mus-format/musgen-go/mus/fns_keyword.go:94.2,94.50 1 1
github.com/mus-format/musgen-go/mus/fns_keyword.go:94.50,96.3 1 1
github.com/mus-format/musgen-go/mus/fns_keyword.go:97.2,97.45 1 1
github.com/mus-format/musgen-go/mus/fns_keyword.go:97.45,99.3 1 1
github.com/mus-format/musgen-go/mus/fns_ops.go:10.58,12.2 1 1
github.com/mus-format/musgen-go/mus/fns_ops.go:18.61,20.55 2 1
github.com/mus-format/musgen-go/mus/fns_ops.go:20.55,22.3 1 1
github.com/mus-format/musgen-go/mus/fns_ops.go:23.2,23.53 1 1
github.com/mus-format/musgen-go/mus/fns_ops.go:23.53,24.18 1 1
github.com/mus-format/musgen-go/mus/fns_ops.go:24.18,26.4 1 1
github.com/mus-format/musgen-go/mus/fns_ops.go:27.3,27.76 1 1
github.com/mus-format/musgen-go/mus/fns_ops.go:29.2,29.19 1 1
github.com/mus-format/musgen-go/mus/fns_ops.go:32.60,37.55 2 1
github.com/mus-format/musgen-go/mus/fns_ops.go:37.55,40.3 1 1
github.com/mus-format/musgen-go/mus/fns_ops.go:41.2,41.55 1 1
github.com/mus-format/musgen-go/mus/fns_ops.go:41.55,42.18 1 1
github.com/mus-format/musgen-go/mus/fns_ops.go:42.18,44.4 1 1
github.com/mus-format/musgen-go/mus/fns_ops.go:45.3,46.21 1 1
github.com/mus-format/musgen-go/mus/fns_ops.go:48.2,48.19 1 1
github.com/mus-format/musgen-go/mus/fns_ops.go:51.64,53.55 2 1
github.com/mus-format/musgen-go/mus/fns_ops.go:53.55,55.3 1 1
github.com/mus-format/musgen-go/mus/fns_ops.go:56.2,56.53 1 1
github.com/mus-format/musgen-go/mus/fns_ops.go:56.53,57.18 1 1
github.com/mus-format/musgen-go/mus/fns_ops.go:57.18,59.4 1 1
github.com/mus-format/musgen-go/mus/fns_ops.go:60.3,60.76 1 1
github.com/mus-format/musgen-go/mus/fns_ops.go:62.2,62.19 1 1
github.com/mus-format/musgen-go/mus/fns_ops.go:65.60,70.55 2 1
github.com/mus-format/musgen-go/mus/fns_ops.go:70.55,73.3 1 1
github.com/mus-format/musgen-go/mus/fns_ops.go:74.2,74.53 1 1
github.com/mus-format/musgen-go/mus/fns_ops.go:74.53,75.18 1 1
github.com/mus-format/musgen-go/mus/fns_ops.go:75.18,77.4 1 1
github.com/mus-format/musgen-go/mus/fns_ops.go:78.3,79.20 1 1
github.com/mus-format/musgen-go/mus/fns_ops.go:81.2,81.55 1 1
github.com/mus-format/musgen-go/mus/fns_ops.go:81.55,82.18 1 1
github.com/mus-format/musgen-go/mus/fns_ops.go:82.18,84.4 1 1
github.com/mus-format/musgen-go/mus/fns_ops.go:85.3,86.21 1 1
github.com/mus-format/musgen-go/mus/fns_ops.go:88.2,88.19 1 1
github.com/mus-format/musgen-go/mus/fns_ops.go:91.58,97.55 2 1
github.com/mus-format/musgen-go/mus/fns_ops.go:97.55,100.3 1 1
github.com/mus-format/musgen-go/mus/fns_ops.go:101.2,101.53 1 1
github.com/mus-format/musgen-go/mus/fns_ops.go:101.53,102.18 1 1
github.com/mus-format/musgen-go/mus/fns_ops.go:102.18,104.4 1 1
github.com/mus-format/musgen-go/mus/fns_ops.go:105.3,106.30 1 1
github.com/mus-format/musgen-go/mus/fns_ops.go:108.2,108.53 1 1
github.com/mus-format/musgen-go/mus/fns_ops.go:108.53,109.18 1 1
github.com/mus-format/musgen-go/mus/fns_ops.go:109.18,111.4 1 1
github.com/mus-format/musgen-go/mus/fns_ops.go:112.3,113.30 1 1
github.com/mus-format/musgen-go/mus/fns_ops.go:115.2,115.55 1 1
github.com/mus-format/musgen-go/mus/fns_ops.go:115.55,116.18 1 1
github.com/mus-format/musgen-go/mus/fns_ops.go:116.18,118.4 1 1
github.com/mus-format/musgen-go/mus/fns_ops.go:119.3,120.31 1 1
github.com/mus-format/musgen-go/mus/fns_ops.go:122.2,122.19 1 1
github.com/mus-format/musgen-go/mus/fns_ops.go:125.53,126.55 1 1
github.com/mus-format/musgen-go/mus/fns_ops.go:126.55,128.3 1 1
github.com/mus-format/musgen-go/mus/fns_ops.go:129.2,129.54 1 1
github.com/mus-format/musgen-go/mus/fns_ops.go:129.54,131.3 1 1
github.com/mus-format/musgen-go/mus/fns_ops.go:132.2,132.58 1 1
github.com/mus-format/musgen-go/mus/fns_ops.go:132.58,134.3 1 1
github.com/mus-format/musgen-go/mus/fns_ops.go:135.2,135.54 1 1
github.com/mus-format/musgen-go/mus/fns_ops.go:135.54,137.3 1 1
github.com/mus-format/musgen-go/mus/fns_ops.go:138.2,138.52 1 1
github.com/mus-format/musgen-go/mus/fns_ops.go:138.52,140.3 1 1
github.com/mus-format/musgen-go/mus/fns_ser.go:16.10,18.2 1 1
github.com/mus-format/musgen-go/mus/fns_ser.go:28.30,30.16 2 1
github.com/mus-format/musgen-go/mus/fns_ser.go:30.16,31.77 1 0
github.com/mus-format/musgen-go/mus/fns_ser.go:33.2,33.8 1 1
github.com/mus-format/musgen-go/mus/fns_ser.go:33.8,35.3 1 1
github.com/mus-format/musgen-go/mus/fns_ser.go:36.2,40.14 2 1
github.com/mus-format/musgen-go/mus/fns_ser.go:41.48,44.64 3 1
github.com/mus-format/musgen-go/mus/fns_ser.go:44.64,46.4 1 1
github.com/mus-format/musgen-go/mus/fns_ser.go:47.83,49.39 2 1
github.com/mus-format/musgen-go/mus/fns_ser.go:50.24,52.39 2 1
github.com/mus-format/musgen-go/mus/fns_ser.go:53.27,55.24 2 1
github.com/mus-format/musgen-go/mus/fns_ser.go:56.19,58.36 2 1
github.com/mus-format/musgen-go/mus/fns_ser.go:59.10,60.35 1 1
github.com/mus-format/musgen-go/mus/fns_ser.go:62.2,62.82 1 1
github.com/mus-format/musgen-go/mus/fns_ser.go:62.82,64.3 1 1
github.com/mus-format/musgen-go/mus/fns_ser.go:65.2,65.59 1 1
github.com/mus-format/musgen-go/mus/fns_ser.go:65.59,67.3 1 1
github.com/mus-format/musgen-go/mus/fns_ser.go:68.2,68.28 1 1
github.com/mus-format/musgen-go/mus/fns_ser.go:71.80,73.26 2 1
github.com/mus-format/musgen-go/mus/fns_ser.go:73.26,75.3 1 1
github.com/mus-format/musgen-go/mus/fns_ser.go:76.2,76.49 1 1
github.com/mus-format/musgen-go/mus/fns_ser.go:79.81,81.26 2 1
github.com/mus-format/musgen-go/mus/fns_ser.go:81.26,83.3 1 1
github.com/mus-format/musgen-go/mus/fns_ser.go:84.2,84.51 1 1
github.com/mus-format/musgen-go/mus/fns_ser.go:87.77,89.2 1 1
github.com/mus-format/musgen-go/mus/fns_ser.go:91.47,95.2 3 1
github.com/mus-format/musgen-go/mus/fns_ser.go:97.54,98.17 1 1
github.com/mus-format/musgen-go/mus/fns_ser.go:98.17,100.3 1 1
github.com/mus-format/musgen-go/mus/fns_ser.go:101.2,101.26 1 1
github.com/mus-format/musgen-go/mus/fns_ser.go:102.76,103.18 1 1
github.com/mus-format/musgen-go/mus/fns_ser.go:104.19,105.15 1 1
github.com/mus-format/musgen-go/mus/fns_ser.go:106.10,107.69 1 0
github.com/mus-format/musgen-go/mus/fns_ser.go:111.50,113.31 1 1
github.com/mus-format/musgen-go/mus/fns_ser.go:113.31,115.3 1 1
github.com/mus-format/musgen-go/mus/fns_ser.go:116.2,116.77 1 1
github.com/mus-format/musgen-go/mus/fns_ser.go:116.77,118.3 1 1
github.com/mus-format/musgen-go/mus/fns_ser.go:119.2,119.78 1 1
github.com/mus-format/musgen-go/mus/fns_ser.go:119.78,121.3 1 1
github.com/mus-format/musgen-go/mus/fns_ser.go:122.2,122.75 1 1
github.com/mus-format/musgen-go/mus/fns_ser.go:122.75,124.3 1 1
github.com/mus-format/musgen-go/mus/fns_utils.go:24.48,26.2 1 1
github.com/mus-format/musgen-go/mus/fns_utils.go:32.60,34.2 1 1
github.com/mus-format/musgen-go/mus/fns_utils.go:36.62,38.2 1 0
github.com/mus-format/musgen-go/mus/fns_utils.go:40.47,41.15 1 1
github.com/mus-format/musgen-go/mus/fns_utils.go:41.15,43.3 1 1
github.com/mus-format/musgen-go/mus/fns_utils.go:44.2,44.19 1 1
github.com/mus-format/musgen-go/mus/fns_utils.go:47.49,48.32 1 1
github.com/mus-format/musgen-go/mus/fns_utils.go:48.32,48.48 1 1
github.com/mus-format/musgen-go/mus/fns_utils.go:52.28,54.2 1 1
github.com/mus-format/musgen-go/mus/fns_utils.go:56.56,57.17 1 1
github.com/mus-format/musgen-go/mus/fns_utils.go:57.17,59.3 1 1
github.com/mus-format/musgen-go/mus/fns_utils.go:60.2,60.28 1 1
github.com/mus-format/musgen-go/mus/fns_utils.go:63.111,64.65 1 1
github.com/mus-format/musgen-go/mus/fns_utils.go:64.65,66.67 2 1
github.com/mus-format/musgen-go/mus/fns_utils.go:66.67,68.4 1 0
github.com/mus-format/musgen-go/mus/fns_utils.go:69.3,70.9 2 1
github.com/mus-format/musgen-go/mus/fns_utils.go:75.74,90.35 2 1
github.com/mus-format/musgen-go/mus/fns_utils.go:90.35,92.3 1 1
github.com/mus-format/musgen-go/mus/fns_utils.go:93.2,93.15 1 1
github.com/mus-format/musgen-go/mus/fns_utils.go:96.76,97.51 1 1
github.com/mus-format/musgen-go/mus/fns_utils.go:97.51,99.3 1 1
github.com/mus-format/musgen-go/mus/fns_utils.go:100.2,100.53 1 1
github.com/mus-format/musgen-go/mus/fns_utils.go:100.53,102.3 1 0
github.com/mus-format/musgen-go/mus/fns_utils.go:103.2,103.43 1 1
github.com/mus-format/musgen-go/mus/fns_utils.go:103.43,105.3 1 1
github.com/mus-format/musgen-go/mus/fns_utils.go:106.2,106.40 1 1
github.com/mus-format/musgen-go/mus/fns_utils.go:106.40,108.3 1 1
github.com/mus-format/musgen-go/mus/fns_utils.go:109.2,109.80 1 1
github.com/mus-format/musgen-go/mus/fns_utils.go:109.80,111.3 1 0
github.com/mus-format/musgen-go/mus/fns_utils.go:112.2,112.52 1 1
github.com/mus-format/musgen-go/mus/fns_utils.go:112.52,114.3 1 0
github.com/mus-format/musgen-go/mus/fns_utils.go:115.2,115.73 1 1
github.com/mus-format/musgen-go/mus/fns_utils.go:115.73,117.3 1 1
github.com/mus-format/musgen-go/mus/fns_utils.go:118.2,119.75 1 1
github.com/mus-format/musgen-go/mus/fns_utils.go:119.75,121.3 1 1
github.com/mus-format/musgen-go/mus/mus.go:22.78,24.48 2 1
github.com/mus-format/musgen-go/mus/mus.go:24.48,26.3 1 0
github.com/mus-format/musgen-go/mus/mus.go:27.2,36.16 5 1
github.com/mus-format/musgen-go/mus/mus.go:36.16,37.13 1 0
github.com/mus-format/musgen-go/mus/mus.go:39.2,49.8 2 1
github.com/mus-format/musgen-go/mus/mus.go:68.13,70.18 2 1
github.com/mus-format/musgen-go/mus/mus.go:70.18,73.3 2 1
github.com/mus-format/musgen-go/mus/mus.go:74.2,75.16 2 1
github.com/mus-format/musgen-go/mus/mus.go:75.16,77.3 1 1
github.com/mus-format/musgen-go/mus/mus.go:78.2,81.8 4 1
github.com/mus-format/musgen-go/mus/mus.go:88.13,90.18 2 1
github.com/mus-format/musgen-go/mus/mus.go:90.18,92.3 1 1
github.com/mus-format/musgen-go/mus/mus.go:93.2,94.62 2 1
github.com/mus-format/musgen-go/mus/mus.go:94.62,96.17 2 1
github.com/mus-format/musgen-go/mus/mus.go:96.17,98.4 1 0
github.com/mus-format/musgen-go/mus/mus.go:99.3,101.9 3 1
github.com/mus-format/musgen-go/mus/mus.go:103.2,104.16 2 1
github.com/mus-format/musgen-go/mus/mus.go:104.16,106.3 1 1
github.com/mus-format/musgen-go/mus/mus.go:107.2,107.49 1 1
github.com/mus-format/musgen-go/mus/mus.go:107.49,109.27 2 1
github.com/mus-format/musgen-go/mus/mus.go:109.27,111.4 1 1
github.com/mus-format/musgen-go/mus/mus.go:112.3,112.54 1 1
github.com/mus-format/musgen-go/mus/mus.go:114.2,116.8 3 1
github.com/mus-format/musgen-go/mus/mus.go:123.13,125.18 2 1
github.com/mus-format/musgen-go/mus/mus.go:125.18,127.3 1 0
github.com/mus-format/musgen-go/mus/mus.go:128.2,129.16 2 1
github.com/mus-format/musgen-go/mus/mus.go:129.16,131.3 1 0
github.com/mus-format/musgen-go/mus/mus.go:132.2,133.8 2 1
github.com/mus-format/musgen-go/mus/mus.go:140.13,142.16 2 1
github.com/mus-format/musgen-go/mus/mus.go:142.16,144.3 1 1
github.com/mus-format/musgen-go/mus/mus.go:145.2,146.16 2 1
github.com/mus-format/musgen-go/mus/mus.go:146.16,148.3 1 0
github.com/mus-format/musgen-go/mus/mus.go:149.2,151.8 3 1
github.com/mus-format/musgen-go/mus/mus.go:156.59,162.16 6 1
github.com/mus-format/musgen-go/mus/mus.go:162.16,165.3 2 0
github.com/mus-format/musgen-go/mus/mus.go:166.2,167.16 2 1
github.com/mus-format/musgen-go/mus/mus.go:167.16,170.3 2 0
github.com/mus-format/musgen-go/mus/mus.go:171.2,171.8 1 1
github.com/mus-format/musgen-go/mus/mus.go:174.55,176.2 1 1
github.com/mus-format/musgen-go/mus/mus.go:178.55,180.2 1 1
github.com/mus-format/musgen-go/mus/mus.go:182.67,190.2 1 1
github.com/mus-format/musgen-go/mus/mus.go:192.59,193.31 1 1
github.com/mus-format/musgen-go/mus/mus.go:193.31,195.3 1 1
github.com/mus-format/musgen-go/mus/mus.go:196.2,196.8 1 1
github.com/mus-format/musgen-go/mus/mus.go:199.74,202.16 3 1
github.com/mus-format/musgen-go/mus/mus.go:202.16,203.13 1 0
github.com/mus-format/musgen-go/mus/mus.go:205.2,206.8 2 1
github.com/mus-format/musgen-go/mus/mus.go:209.82,210.26 1 1
github.com/mus-format/musgen-go/mus/mus.go:210.26,212.3 1 1
github.com/mus-format/musgen-go/mus/mus.go:215.62,217.2 1 1
github.com/mus-format/musgen-go/mus/mus.go:219.60,226.2 3 1
github.com/mus-format/musgen-go/mus/mus.go:237.3,250.2 7 1
github.com/mus-format/musgen-go/mus/mus.go:252.61,253.40 1 1
github.com/mus-format/musgen-go/mus/mus.go:253.40,255.17 2 1
github.com/mus-format/musgen-go/mus/mus.go:255.17,257.4 1 0
github.com/mus-format/musgen-go/mus/mus.go:259.2,259.12 1 1
github.com/mus-format/musgen-go/mus/templates.gen.go:7.13,440.2 16 1
